TN:
SF:api\index.js
FNF:0
FNH:0
DA:1,1
DA:2,1
DA:3,1
DA:4,1
DA:5,1
LF:5
LH:5
BRF:0
BRH:0
end_of_record
TN:
SF:api\controllers\CategoriaController.js
FN:9,getAllCategorias
FN:17,getCategoria
FN:26,getVideosByCategoria
FN:35,updateCategoria
FN:46,deleteCategoria
FN:55,postCategoria
FNF:6
FNH:3
FNDA:1,getAllCategorias
FNDA:1,getCategoria
FNDA:1,getVideosByCategoria
FNDA:0,updateCategoria
FNDA:0,deleteCategoria
FNDA:0,postCategoria
DA:1,1
DA:2,1
DA:3,1
DA:4,1
DA:5,1
DA:6,1
DA:7,1
DA:8,1
DA:9,1
DA:10,1
DA:11,1
DA:12,1
DA:13,1
DA:14,0
DA:15,0
DA:16,1
DA:17,1
DA:18,1
DA:19,1
DA:20,1
DA:21,1
DA:22,1
DA:23,0
DA:24,0
DA:25,1
DA:26,1
DA:27,1
DA:28,1
DA:29,1
DA:30,1
DA:31,1
DA:32,0
DA:33,0
DA:34,1
DA:35,1
DA:36,0
DA:37,0
DA:38,0
DA:39,0
DA:40,0
DA:41,0
DA:42,0
DA:43,0
DA:44,0
DA:45,0
DA:46,1
DA:47,0
DA:48,0
DA:49,0
DA:50,0
DA:51,0
DA:52,0
DA:53,0
DA:54,0
DA:55,1
DA:56,0
DA:57,0
DA:58,0
DA:59,0
DA:60,0
DA:61,0
DA:62,0
DA:63,0
DA:64,0
DA:65,0
DA:66,0
DA:67,0
DA:68,0
DA:69,0
DA:70,0
DA:71,0
DA:72,0
DA:73,0
DA:74,0
DA:75,0
DA:76,1
DA:77,1
DA:78,1
DA:79,1
LF:79
LH:35
BRDA:9,0,0,1
BRDA:13,1,0,0
BRDA:17,2,0,1
BRDA:22,3,0,0
BRDA:26,4,0,1
BRDA:31,5,0,0
BRF:6
BRH:3
end_of_record
TN:
SF:api\controllers\VideoController.js
FN:6,getAllVideos
FN:14,getOneVideo
FN:23,getVideoByTitulo
FN:35,postVideo
FN:53,deleteVideo
FN:62,updateVideo
FNF:6
FNH:6
FNDA:1,getAllVideos
FNDA:1,getOneVideo
FNDA:1,getVideoByTitulo
FNDA:1,postVideo
FNDA:1,deleteVideo
FNDA:1,updateVideo
DA:1,1
DA:2,1
DA:3,1
DA:4,1
DA:5,1
DA:6,1
DA:7,1
DA:8,1
DA:9,1
DA:10,1
DA:11,0
DA:12,0
DA:13,1
DA:14,1
DA:15,1
DA:16,1
DA:17,1
DA:18,1
DA:19,1
DA:20,0
DA:21,0
DA:22,1
DA:23,1
DA:24,1
DA:25,1
DA:26,1
DA:27,1
DA:28,0
DA:29,0
DA:30,1
DA:31,1
DA:32,0
DA:33,0
DA:34,1
DA:35,1
DA:36,1
DA:37,1
DA:38,1
DA:39,1
DA:40,1
DA:41,1
DA:42,1
DA:43,1
DA:44,0
DA:45,0
DA:46,1
DA:47,1
DA:48,1
DA:49,1
DA:50,0
DA:51,0
DA:52,1
DA:53,1
DA:54,1
DA:55,1
DA:56,1
DA:57,1
DA:58,1
DA:59,0
DA:60,0
DA:61,1
DA:62,1
DA:63,1
DA:64,1
DA:65,1
DA:66,1
DA:67,1
DA:68,1
DA:69,1
DA:70,0
DA:71,0
DA:72,1
DA:73,1
DA:74,1
DA:75,1
LF:75
LH:59
BRDA:6,0,0,1
BRDA:10,1,0,0
BRDA:14,2,0,1
BRDA:19,3,0,0
BRDA:23,4,0,1
BRDA:27,5,0,0
BRDA:31,6,0,0
BRDA:35,7,0,1
BRDA:43,8,0,0
BRDA:49,9,0,0
BRDA:53,10,0,1
BRDA:58,11,0,0
BRDA:62,12,0,1
BRDA:69,13,0,0
BRF:14
BRH:6
end_of_record
TN:
SF:api\middlewares\middlewares.js
FN:4,urlValidation
FNF:1
FNH:1
FNDA:2,urlValidation
DA:1,1
DA:2,1
DA:3,1
DA:4,1
DA:5,2
DA:6,1
DA:7,1
DA:8,1
DA:9,1
DA:10,1
DA:11,1
DA:12,1
DA:13,0
DA:14,0
DA:15,1
DA:16,1
DA:17,1
DA:18,2
DA:19,2
DA:20,1
DA:21,1
DA:22,1
DA:23,1
LF:23
LH:21
BRDA:4,0,0,2
BRDA:5,1,0,1
BRDA:12,2,0,0
BRF:3
BRH:2
end_of_record
TN:
SF:api\models\categorias.js
FN:5,Object.<anonymous>.module.exports
FN:12,associate
FNF:2
FNH:2
FNDA:3,Object.<anonymous>.module.exports
FNDA:3,associate
DA:1,1
DA:2,1
DA:3,1
DA:4,1
DA:5,1
DA:6,3
DA:7,3
DA:8,3
DA:9,3
DA:10,3
DA:11,3
DA:12,3
DA:13,3
DA:14,3
DA:15,3
DA:16,3
DA:17,3
DA:18,3
DA:19,3
DA:20,3
DA:21,3
DA:22,3
DA:23,3
DA:24,3
DA:25,3
DA:26,3
LF:26
LH:26
BRDA:5,0,0,3
BRDA:12,1,0,3
BRF:2
BRH:2
end_of_record
TN:
SF:api\models\index.js
FNF:0
FNH:0
DA:1,1
DA:2,1
DA:3,1
DA:4,1
DA:5,1
DA:6,1
DA:7,1
DA:8,1
DA:9,1
DA:10,1
DA:11,1
DA:12,1
DA:13,1
DA:14,0
DA:15,1
DA:16,1
DA:17,1
DA:18,1
DA:19,1
DA:20,1
DA:21,1
DA:22,9
DA:23,9
DA:24,1
DA:25,6
DA:26,6
DA:27,1
DA:28,1
DA:29,1
DA:30,6
DA:31,6
DA:32,6
DA:33,1
DA:34,1
DA:35,1
DA:36,1
DA:37,1
DA:38,1
LF:38
LH:37
BRDA:8,0,0,0
BRDA:13,1,0,0
BRDA:21,2,0,9
BRDA:22,3,0,6
BRDA:24,4,0,6
BRDA:29,5,0,6
BRF:6
BRH:4
end_of_record
TN:
SF:api\models\videos.js
FN:5,Object.<anonymous>.module.exports
FN:12,associate
FNF:2
FNH:2
FNDA:3,Object.<anonymous>.module.exports
FNDA:3,associate
DA:1,1
DA:2,1
DA:3,1
DA:4,1
DA:5,1
DA:6,3
DA:7,3
DA:8,3
DA:9,3
DA:10,3
DA:11,3
DA:12,3
DA:13,3
DA:14,3
DA:15,3
DA:16,3
DA:17,3
DA:18,3
DA:19,3
DA:20,3
DA:21,3
DA:22,3
DA:23,3
DA:24,3
DA:25,3
DA:26,3
DA:27,3
DA:28,3
LF:28
LH:28
BRDA:5,0,0,3
BRDA:12,1,0,3
BRF:2
BRH:2
end_of_record
TN:
SF:api\routes\categoriaRoutes.js
FNF:0
FNH:0
DA:1,1
DA:2,1
DA:3,1
DA:4,1
DA:5,1
DA:6,1
DA:7,1
DA:8,1
DA:9,1
DA:10,1
DA:11,1
DA:12,1
DA:13,1
DA:14,1
DA:15,1
LF:15
LH:15
BRF:0
BRH:0
end_of_record
TN:
SF:api\routes\index.js
FN:5,Object.<anonymous>.module.exports
FNF:1
FNH:1
FNDA:2,Object.<anonymous>.module.exports
DA:1,1
DA:2,1
DA:3,1
DA:4,1
DA:5,1
DA:6,2
DA:7,2
DA:8,2
DA:9,2
LF:9
LH:9
BRDA:5,0,0,2
BRF:1
BRH:1
end_of_record
TN:
SF:api\routes\videoRoutes.js
FNF:0
FNH:0
DA:1,1
DA:2,1
DA:3,1
DA:4,1
DA:5,1
DA:6,1
DA:7,1
DA:8,1
DA:9,1
DA:10,1
DA:11,1
DA:12,1
DA:13,1
DA:14,1
DA:15,1
LF:15
LH:15
BRF:0
BRH:0
end_of_record
TN:
SF:api\services\CategoriasServices.js
FN:6,CategoriasServices
FN:10,isValidHexaCode
FNF:2
FNH:1
FNDA:2,CategoriasServices
FNDA:0,isValidHexaCode
DA:1,1
DA:2,1
DA:3,1
DA:4,1
DA:5,1
DA:6,1
DA:7,2
DA:8,2
DA:9,1
DA:10,1
DA:11,0
DA:12,0
DA:13,0
DA:14,0
DA:15,0
DA:16,0
DA:17,0
DA:18,0
DA:19,0
DA:20,0
DA:21,0
DA:22,0
DA:23,0
DA:24,0
DA:25,1
DA:26,1
DA:27,1
LF:27
LH:13
BRDA:6,0,0,2
BRF:1
BRH:1
end_of_record
TN:
SF:api\services\Services.js
FN:4,Services
FN:7,getAllRegisters
FN:10,getOneRegister
FN:13,getAllRegistersWithQuery
FN:16,getOneRegisterWithQuery
FN:19,registerFindAndCount
FN:22,registerCreate
FN:25,registerRestore
FN:28,registerRestoreWhere
FN:31,registerUpdate
FN:34,registerUpdates
FN:37,registerDelete
FNF:12
FNH:8
FNDA:9,Services
FNDA:2,getAllRegisters
FNDA:5,getOneRegister
FNDA:1,getAllRegistersWithQuery
FNDA:1,getOneRegisterWithQuery
FNDA:0,registerFindAndCount
FNDA:5,registerCreate
FNDA:0,registerRestore
FNDA:0,registerRestoreWhere
FNDA:1,registerUpdate
FNDA:0,registerUpdates
FNDA:1,registerDelete
DA:1,1
DA:2,1
DA:3,1
DA:4,1
DA:5,9
DA:6,9
DA:7,1
DA:8,2
DA:9,2
DA:10,1
DA:11,5
DA:12,5
DA:13,1
DA:14,1
DA:15,1
DA:16,1
DA:17,1
DA:18,1
DA:19,1
DA:20,0
DA:21,0
DA:22,1
DA:23,5
DA:24,5
DA:25,1
DA:26,0
DA:27,0
DA:28,1
DA:29,0
DA:30,0
DA:31,1
DA:32,1
DA:33,1
DA:34,1
DA:35,0
DA:36,0
DA:37,1
DA:38,1
DA:39,1
DA:40,1
DA:41,1
DA:42,1
LF:42
LH:34
BRDA:4,0,0,9
BRDA:7,1,0,2
BRDA:10,2,0,5
BRDA:13,3,0,1
BRDA:16,4,0,1
BRDA:22,5,0,5
BRDA:31,6,0,1
BRDA:37,7,0,1
BRF:8
BRH:8
end_of_record
TN:
SF:api\services\VideosServices.js
FN:6,VideosServices
FNF:1
FNH:1
FNDA:4,VideosServices
DA:1,1
DA:2,1
DA:3,1
DA:4,1
DA:5,1
DA:6,1
DA:7,4
DA:8,4
DA:9,1
DA:10,1
DA:11,1
LF:11
LH:11
BRDA:6,0,0,4
BRF:1
BRH:1
end_of_record
